canu/1.7 has the useGrid option default set to useGrid=false. This can be overriden by another configuration file or a command-line option.
-- Canu 1.7
--
-- CITATIONS
--
-- Koren S, Walenz BP, Berlin K, Miller JR, Phillippy AM.
-- Canu: scalable and accurate long-read assembly via adaptive k-mer weighting and repeat separation.
-- Genome Res. 2017 May;27(5):722-736.
-- http://doi.org/10.1101/gr.215087.116
-- 
-- Read and contig alignments during correction, consensus and GFA building use:
--   Šošic M, Šikic M.
--   Edlib: a C/C ++ library for fast, exact sequence alignment using edit distance.
--   Bioinformatics. 2017 May 1;33(9):1394-1395.
--   http://doi.org/10.1093/bioinformatics/btw753
-- 
-- Overlaps are generated using:
--   Berlin K, et al.
--   Assembling large genomes with single-molecule sequencing and locality-sensitive hashing.
--   Nat Biotechnol. 2015 Jun;33(6):623-30.
--   http://doi.org/10.1038/nbt.3238
-- 
--   Myers EW, et al.
--   A Whole-Genome Assembly of Drosophila.
--   Science. 2000 Mar 24;287(5461):2196-204.
--   http://doi.org/10.1126/science.287.5461.2196
-- 
--   Li H.
--   Minimap and miniasm: fast mapping and de novo assembly for noisy long sequences.
--   Bioinformatics. 2016 Jul 15;32(14):2103-10.
--   http://doi.org/10.1093/bioinformatics/btw152
-- 
-- Corrected read consensus sequences are generated using an algorithm derived from FALCON-sense:
--   Chin CS, et al.
--   Phased diploid genome assembly with single-molecule real-time sequencing.
--   Nat Methods. 2016 Dec;13(12):1050-1054.
--   http://doi.org/10.1038/nmeth.4035
-- 
-- Contig consensus sequences are generated using an algorithm derived from pbdagcon:
--   Chin CS, et al.
--   Nonhybrid, finished microbial genome assemblies from long-read SMRT sequencing data.
--   Nat Methods. 2013 Jun;10(6):563-9
--   http://doi.org/10.1038/nmeth.2474
-- 
-- CONFIGURE CANU
--
-- Detected Java(TM) Runtime Environment '1.8.0_151' (from '/sw/comp/java/x86_64/sun_jdk1.8.0_151/bin/java').
-- Detected gnuplot version '4.6 patchlevel 2' (from 'gnuplot') and image format 'png'.
-- Detected 20 CPUs and 125 gigabytes of memory.
-- Detected Slurm with 'sinfo' binary in /usr/bin/sinfo.
-- Grid engine disabled per useGrid=false option.
--
--                            (tag)Concurrency
--                     (tag)Threads          |
--            (tag)Memory         |          |
--        (tag)         |         |          |     total usage     algorithm
--        -------  ------  --------   --------  -----------------  -----------------------------
-- Local: meryl      8 GB    4 CPUs x   1 job      8 GB    4 CPUs  (k-mer counting)
-- Local: cormhap    6 GB   10 CPUs x   2 jobs    12 GB   20 CPUs  (overlap detection with mhap)
-- Local: obtovl     4 GB    5 CPUs x   4 jobs    16 GB   20 CPUs  (overlap detection)
-- Local: utgovl     4 GB    5 CPUs x   4 jobs    16 GB   20 CPUs  (overlap detection)
-- Local: ovb        4 GB    1 CPU  x  20 jobs    80 GB   20 CPUs  (overlap store bucketizer)
-- Local: ovs        8 GB    1 CPU  x  15 jobs   120 GB   15 CPUs  (overlap store sorting)
-- Local: red        4 GB    4 CPUs x   5 jobs    20 GB   20 CPUs  (read error detection)
-- Local: oea        4 GB    1 CPU  x  20 jobs    80 GB   20 CPUs  (overlap error adjustment)
-- Local: bat       16 GB    4 CPUs x   1 job     16 GB    4 CPUs  (contig construction)
-- Local: gfa        8 GB    4 CPUs x   1 job      8 GB    4 CPUs  (GFA alignment and processing)
--
-- Found PacBio uncorrected reads in the input files.
--
-- Generating assembly 'efaecium' in '/pica/h1/lame5423/Genome_analysis/code/efaecium-pacbio'
--
-- Parameters:
--
--  genomeSize        3000000
--
--  Overlap Generation Limits:
--    corOvlErrorRate 0.2400 ( 24.00%)
--    obtOvlErrorRate 0.0450 (  4.50%)
--    utgOvlErrorRate 0.0450 (  4.50%)
--
--  Overlap Processing Limits:
--    corErrorRate    0.3000 ( 30.00%)
--    obtErrorRate    0.0450 (  4.50%)
--    utgErrorRate    0.0450 (  4.50%)
--    cnsErrorRate    0.0750 (  7.50%)
--
--
-- BEGIN CORRECTION
--
----------------------------------------
-- Starting command on Sat Apr 21 14:23:16 2018 with 1054.709 GB free disk space

    cd .
    /sw/apps/bioinfo/canu/1.7/rackham/Linux-amd64/bin/gatekeeperCreate \
      -minlength 1000 \
      -o ./efaecium.gkpStore.BUILDING \
      ./efaecium.gkpStore.gkp \
    > ./efaecium.gkpStore.BUILDING.err 2>&1

-- Finished on Sat Apr 21 14:23:32 2018 (16 seconds) with 1054.555 GB free disk space
----------------------------------------
--
-- In gatekeeper store './efaecium.gkpStore':
--   Found 100836 reads.
--   Found 533813323 bases (177.93 times coverage).
--
--   Read length histogram (one '*' equals 218.94 reads):
--        0    999      0 
--     1000   1999  15326 **********************************************************************
--     2000   2999  14190 ****************************************************************
--     3000   3999  12962 ***********************************************************
--     4000   4999  11680 *****************************************************
--     5000   5999   9853 *********************************************
--     6000   6999   9594 *******************************************
--     7000   7999   7862 ***********************************
--     8000   8999   5882 **************************
--     9000   9999   4244 *******************
--    10000  10999   3011 *************
--    11000  11999   2108 *********
--    12000  12999   1494 ******
--    13000  13999   1049 ****
--    14000  14999    750 ***
--    15000  15999    458 **
--    16000  16999    221 *
--    17000  17999     95 
--    18000  18999     36 
--    19000  19999     14 
--    20000  20999      5 
--    21000  21999      1 
--    22000  22999      0 
--    23000  23999      1 
--
-- Running jobs.  First attempt out of 2.
----------------------------------------
-- Starting 'meryl' concurrent execution on Sat Apr 21 14:23:33 2018 with 1054.554 GB free disk space (1 processes; 1 concurrently)

    cd correction/0-mercounts
    ./meryl.sh 1 > ./meryl.000001.out 2>&1

-- Finished on Sat Apr 21 14:26:02 2018 (149 seconds) with 1053.28 GB free disk space
----------------------------------------
-- Meryl finished successfully.
--
--  16-mers                                                                                           Fraction
--    Occurrences   NumMers                                                                         Unique Total
--       1-     1 248140472 *******************************************************************--> 0.7694 0.4662
--       2-     2  44779897 ********************************************************************** 0.9083 0.6344
--       3-     4  19325203 ******************************                                         0.9503 0.7108
--       5-     7   5544988 ********                                                               0.9773 0.7816
--       8-    11   1661602 **                                                                     0.9874 0.8227
--      12-    16    797661 *                                                                      0.9912 0.8461
--      17-    22    639664                                                                        0.9934 0.8659
--      23-    29    610128                                                                        0.9953 0.8895
--      30-    37    500796                                                                        0.9971 0.9193
--      38-    46    290171                                                                        0.9986 0.9495
--      47-    56    114194                                                                        0.9994 0.9704
--      57-    67     38942                                                                        0.9997 0.9803
--      68-    79     17297                                                                        0.9998 0.9844
--      80-    92     10152                                                                        0.9999 0.9867
--      93-   106      5694                                                                        0.9999 0.9882
--     107-   121      3277                                                                        0.9999 0.9892
--     122-   137      2282                                                                        0.9999 0.9899
--     138-   154      2110                                                                        0.9999 0.9905
--     155-   172      1968                                                                        1.0000 0.9910
--     173-   191      1537                                                                        1.0000 0.9916
--     192-   211      1495                                                                        1.0000 0.9922
--     212-   232      1734                                                                        1.0000 0.9927
--     233-   254      1799                                                                        1.0000 0.9935
--     255-   277      1614                                                                        1.0000 0.9943
--     278-   301      1151                                                                        1.0000 0.9951
--     302-   326       742                                                                        1.0000 0.9957
--     327-   352       516                                                                        1.0000 0.9961
--     353-   379       499                                                                        1.0000 0.9965
--     380-   407       471                                                                        1.0000 0.9968
--     408-   436       404                                                                        1.0000 0.9972
--     437-   466       266                                                                        1.0000 0.9975
--     467-   497       222                                                                        1.0000 0.9977
--     498-   529       141                                                                        1.0000 0.9979
--     530-   562        86                                                                        1.0000 0.9980
--     563-   596        47                                                                        1.0000 0.9981
--     597-   631        47                                                                        1.0000 0.9982
--     632-   667        27                                                                        1.0000 0.9982
--     668-   704        24                                                                        1.0000 0.9982
--     705-   742        29                                                                        1.0000 0.9983
--     743-   781        26                                                                        1.0000 0.9983
--     782-   821        27                                                                        1.0000 0.9984
--
--      254337 (max occurrences)
--   284160311 (total mers, non-unique)
--    74359185 (distinct mers, non-unique)
--   248140472 (unique mers)
-- For mhap overlapping, set repeat k-mer threshold to 5323.
--
-- Found 532300783 16-mers; 322499657 distinct and 248140472 unique.  Largest count 254337.
--
-- OVERLAPPER (mhap) (correction)
--
-- Set corMhapSensitivity=low based on read coverage of 177.
--
-- PARAMETERS: hashes=256, minMatches=3, threshold=0.8
--
-- Given 6 GB, can fit 18000 reads per block.
-- For 7 blocks, set stride to 2 blocks.
-- Logging partitioning to 'correction/1-overlapper/partitioning.log'.
-- Configured 6 mhap precompute jobs.
-- Configured 10 mhap overlap jobs.
--
-- Running jobs.  First attempt out of 2.
----------------------------------------
-- Starting 'cormhap' concurrent execution on Sat Apr 21 14:26:14 2018 with 1054.553 GB free disk space (6 processes; 2 concurrently)

    cd correction/1-overlapper
    ./precompute.sh 1 > ./precompute.000001.out 2>&1
    ./precompute.sh 2 > ./precompute.000002.out 2>&1
    ./precompute.sh 3 > ./precompute.000003.out 2>&1
    ./precompute.sh 4 > ./precompute.000004.out 2>&1
    ./precompute.sh 5 > ./precompute.000005.out 2>&1
    ./precompute.sh 6 > ./precompute.000006.out 2>&1

-- Finished on Sat Apr 21 15:24:35 2018 (3501 seconds) with 1052.849 GB free disk space
----------------------------------------
-- All 6 mhap precompute jobs finished successfully.
--
-- Running jobs.  First attempt out of 2.
----------------------------------------
-- Starting 'cormhap' concurrent execution on Sat Apr 21 15:24:35 2018 with 1052.849 GB free disk space (10 processes; 2 concurrently)

    cd correction/1-overlapper
    ./mhap.sh 1 > ./mhap.000001.out 2>&1
    ./mhap.sh 2 > ./mhap.000002.out 2>&1
    ./mhap.sh 3 > ./mhap.000003.out 2>&1
    ./mhap.sh 4 > ./mhap.000004.out 2>&1
    ./mhap.sh 5 > ./mhap.000005.out 2>&1
    ./mhap.sh 6 > ./mhap.000006.out 2>&1
    ./mhap.sh 7 > ./mhap.000007.out 2>&1
    ./mhap.sh 8 > ./mhap.000008.out 2>&1
    ./mhap.sh 9 > ./mhap.000009.out 2>&1
    ./mhap.sh 10 > ./mhap.000010.out 2>&1

-- Finished on Sat Apr 21 15:29:37 2018 (302 seconds) with 1052.776 GB free disk space
----------------------------------------
-- Found 10 mhap overlap output files.
----------------------------------------
-- Starting command on Sat Apr 21 15:29:38 2018 with 1052.776 GB free disk space

    cd correction
    /sw/apps/bioinfo/canu/1.7/rackham/Linux-amd64/bin/ovStoreBuild \
     -O ./efaecium.ovlStore.BUILDING \
     -G ./efaecium.gkpStore \
     -M 2-8 \
     -L ./1-overlapper/ovljob.files \
     > ./efaecium.ovlStore.err 2>&1

-- Finished on Sat Apr 21 15:29:46 2018 (9 seconds) with 1052.63 GB free disk space
----------------------------------------
-- Checking store.
----------------------------------------
-- Starting command on Sat Apr 21 15:29:46 2018 with 1052.63 GB free disk space

    cd correction
    /sw/apps/bioinfo/canu/1.7/rackham/Linux-amd64/bin/ovStoreDump \
     -G ./efaecium.gkpStore \
     -O ./efaecium.ovlStore \
     -d -counts \
     > ./efaecium.ovlStore/counts.dat 2> ./efaecium.ovlStore/counts.err

-- Finished on Sat Apr 21 15:29:46 2018 (lickety-split) with 1052.629 GB free disk space
----------------------------------------
--
-- Overlap store 'correction/efaecium.ovlStore' successfully constructed.
-- Found 7374680 overlaps for 88989 reads; 11847 reads have no overlaps.
--
--
-- Purged 5.731 GB in 41 overlap output files.
-- Set corMinCoverage=4 based on read coverage of 177.
-- Global filter scores will be estimated.
-- Computing correction layouts.
----------------------------------------
-- Starting command on Sat Apr 21 15:29:47 2018 with 1054.406 GB free disk space

    cd correction
    /sw/apps/bioinfo/canu/1.7/rackham/Linux-amd64/bin/generateCorrectionLayouts \
      -G ./efaecium.gkpStore \
      -O ./efaecium.ovlStore \
      -C ./efaecium.corStore.WORKING \
      -ec 4 \
      -eC 80 \
    > ./efaecium.corStore.err 2>&1
    

-- Finished on Sat Apr 21 15:29:49 2018 (2 seconds) with 1054.293 GB free disk space
----------------------------------------
-- Computing correction layouts.
----------------------------------------
-- Starting command on Sat Apr 21 15:29:49 2018 with 1054.293 GB free disk space

    cd correction/2-correction
    /sw/apps/bioinfo/canu/1.7/rackham/Linux-amd64/bin/filterCorrectionLayouts \
      -G  ../efaecium.gkpStore \
      -C  ../efaecium.corStore \
      -R  ./efaecium.readsToCorrect.WORKING \
      -cc 4 \
      -cl 1000 \
      -g  3000000 \
      -c  40 \
    > ./efaecium.readsToCorrect.err 2>&1
    

-- Finished on Sat Apr 21 15:29:50 2018 (1 second) with 1054.286 GB free disk space
----------------------------------------
--                             original      original
--                            raw reads     raw reads
--   category                w/overlaps  w/o/overlaps
--   -------------------- ------------- -------------
--   Number of Reads              79690         21146
--   Number of Bases          431424915      42724671
--   Coverage                   143.808        14.242
--   Median                        4836             0
--   Mean                          5413          2020
--   N50                           6973          6189
--   Minimum                       1000             0
--   Maximum                      21204         20592
--   
--                                        --------corrected---------  ----------rescued----------
--                             evidence                     expected                     expected
--   category                     reads            raw     corrected            raw     corrected
--   -------------------- -------------  ------------- -------------  ------------- -------------
--   Number of Reads              77893          12760         12760            369           369
--   Number of Bases          429223080      126895094     120006075        1665052        788366
--   Coverage                   143.074         42.298        40.002          0.555         0.263
--   Median                        4943           9366          8836           3676          1840
--   Mean                          5510           9944          9404           4512          2136
--   N50                           7001           9896          9206           6223          2406
--   Minimum                       1000           7285          7281           1093          1001
--   Maximum                      20948          19923         18970          17911          5821
--   
--                        --------uncorrected--------
--                                           expected
--   category                       raw     corrected
--   -------------------- ------------- -------------
--   Number of Reads              87707         87707
--   Number of Bases          345589440     184827642
--   Coverage                   115.196        61.609
--   Median                        3587          1202
--   Mean                          3940          2107
--   N50                           5760          4973
--   Minimum                          0             0
--   Maximum                      21204          7281
--   
--   Maximum Memory           714635102
--
--                            (tag)Concurrency
--                     (tag)Threads          |
--            (tag)Memory         |          |
--        (tag)         |         |          |     total usage     algorithm
--        -------  ------  --------   --------  -----------------  -----------------------------
-- Local: cor        3 GB    4 CPUs x   5 jobs    15 GB   20 CPUs  (read correction)
--
-- Using overlaps no worse than 0.3 fraction error for correcting reads (from corErrorRate parameter).
--
-- Running jobs.  First attempt out of 2.
----------------------------------------
-- Starting 'cor' concurrent execution on Sat Apr 21 15:29:50 2018 with 1054.286 GB free disk space (21 processes; 5 concurrently)

    cd correction/2-correction
    ./correctReads.sh 1 > ./correctReads.000001.out 2>&1
    ./correctReads.sh 2 > ./correctReads.000002.out 2>&1
    ./correctReads.sh 3 > ./correctReads.000003.out 2>&1
    ./correctReads.sh 4 > ./correctReads.000004.out 2>&1
    ./correctReads.sh 5 > ./correctReads.000005.out 2>&1
    ./correctReads.sh 6 > ./correctReads.000006.out 2>&1
    ./correctReads.sh 7 > ./correctReads.000007.out 2>&1
    ./correctReads.sh 8 > ./correctReads.000008.out 2>&1
    ./correctReads.sh 9 > ./correctReads.000009.out 2>&1
    ./correctReads.sh 10 > ./correctReads.000010.out 2>&1
    ./correctReads.sh 11 > ./correctReads.000011.out 2>&1
    ./correctReads.sh 12 > ./correctReads.000012.out 2>&1
    ./correctReads.sh 13 > ./correctReads.000013.out 2>&1
    ./correctReads.sh 14 > ./correctReads.000014.out 2>&1
    ./correctReads.sh 15 > ./correctReads.000015.out 2>&1
    ./correctReads.sh 16 > ./correctReads.000016.out 2>&1
    ./correctReads.sh 17 > ./correctReads.000017.out 2>&1
    ./correctReads.sh 18 > ./correctReads.000018.out 2>&1
    ./correctReads.sh 19 > ./correctReads.000019.out 2>&1
    ./correctReads.sh 20 > ./correctReads.000020.out 2>&1
    ./correctReads.sh 21 > ./correctReads.000021.out 2>&1

-- Finished on Sat Apr 21 16:16:43 2018 (2813 seconds) with 1053.808 GB free disk space
----------------------------------------
-- Found 21 read correction output files.
-- Found 21 read correction output files.
--
-- Loading corrected reads into corStore and gkpStore.
----------------------------------------
-- Starting command on Sat Apr 21 16:16:43 2018 with 1053.808 GB free disk space

    cd correction
    /sw/apps/bioinfo/canu/1.7/rackham/Linux-amd64/bin/loadCorrectedReads \
      -G ./efaecium.gkpStore \
      -C ./efaecium.corStore \
      -L ./2-correction/corjob.files \
    > ./2-correction/corjob.files.load.err 2>&1
    

-- Finished on Sat Apr 21 16:16:50 2018 (7 seconds) with 1053.53 GB free disk space
----------------------------------------
--
-- In gatekeeper store './efaecium.gkpStore':
--   Found 12864 reads.
--   Found 110706724 bases (36.9 times coverage).
--
--   Read length histogram (one '*' equals 58.42 reads):
--        0    999     33 
--     1000   1999    200 ***
--     2000   2999    109 *
--     3000   3999     79 *
--     4000   4999    105 *
--     5000   5999    127 **
--     6000   6999    778 *************
--     7000   7999   4090 **********************************************************************
--     8000   8999   2891 *************************************************
--     9000   9999   1697 *****************************
--    10000  10999   1133 *******************
--    11000  11999    644 ***********
--    12000  12999    452 *******
--    13000  13999    276 ****
--    14000  14999    134 **
--    15000  15999     82 *
--    16000  16999     26 
--    17000  17999      7 
--    18000  18999      1 
--
-- Purging correctReads output after loading into stores.
-- Purged 21 .cns outputs.
-- Purged 42 .out job log outputs.
--
-- Purging overlaps used for correction.
----------------------------------------
-- Starting command on Sat Apr 21 16:16:52 2018 with 1054.155 GB free disk space

    cd .
    /sw/apps/bioinfo/canu/1.7/rackham/Linux-amd64/bin/gatekeeperDumpFASTQ \
      -corrected \
      -G ./efaecium.gkpStore \
      -o ./efaecium.correctedReads.gz \
      -fasta \
      -nolibname \
    > efaecium.correctedReads.fasta.err 2>&1

-- Finished on Sat Apr 21 16:16:55 2018 (3 seconds) with 1054.12 GB free disk space
----------------------------------------
--
-- Corrected reads saved in 'efaecium.correctedReads.fasta.gz'.
--
--
-- BEGIN TRIMMING
--
--
-- Running jobs.  First attempt out of 2.
----------------------------------------
-- Starting 'meryl' concurrent execution on Sat Apr 21 16:16:55 2018 with 1054.12 GB free disk space (1 processes; 1 concurrently)

    cd trimming/0-mercounts
    ./meryl.sh 1 > ./meryl.000001.out 2>&1

-- Finished on Sat Apr 21 16:17:14 2018 (19 seconds) with 1054.077 GB free disk space
----------------------------------------
-- Meryl finished successfully.
--
--  22-mers                                                                                           Fraction
--    Occurrences   NumMers                                                                         Unique Total
--       1-     1   4164474 *******************************************************************--> 0.5593 0.0377
--       2-     2    275792 ****************************************                               0.5964 0.0427
--       3-     4    130243 *******************                                                    0.6076 0.0450
--       5-     7    102594 ***************                                                        0.6186 0.0483
--       8-    11    187924 ***************************                                            0.6326 0.0549
--      12-    16    236077 **********************************                                     0.6596 0.0741
--      17-    22    291072 ******************************************                             0.6910 0.1060
--      23-    29    360503 ****************************************************                   0.7294 0.1589
--      30-    37    476298 *********************************************************************  0.7801 0.2516
--      38-    46    477482 ********************************************************************** 0.8430 0.3976
--      47-    56    394104 *********************************************************              0.9065 0.5814
--      57-    67    220498 ********************************                                       0.9572 0.7596
--      68-    79     68686 **********                                                             0.9841 0.8726
--      80-    92     17915 **                                                                     0.9923 0.9127
--      93-   106      9544 *                                                                      0.9945 0.9258
--     107-   121      6742                                                                        0.9957 0.9335
--     122-   137      6854 *                                                                      0.9967 0.9413
--     138-   154      1601                                                                        0.9975 0.9482
--     155-   172       907                                                                        0.9977 0.9502
--     173-   191      2517                                                                        0.9978 0.9518
--     192-   211       789                                                                        0.9982 0.9557
--     212-   232      1626                                                                        0.9983 0.9571
--     233-   254      1123                                                                        0.9985 0.9604
--     255-   277      1355                                                                        0.9986 0.9629
--     278-   301       673                                                                        0.9988 0.9661
--     302-   326      1413                                                                        0.9989 0.9680
--     327-   352       307                                                                        0.9991 0.9719
--     353-   379       638                                                                        0.9991 0.9728
--     380-   407      2296                                                                        0.9992 0.9751
--     408-   436      1883                                                                        0.9995 0.9834
--     437-   466        32                                                                        0.9998 0.9902
--     467-   497        31                                                                        0.9998 0.9903
--     498-   529        59                                                                        0.9998 0.9905
--     530-   562       114                                                                        0.9998 0.9908
--     563-   596       467                                                                        0.9998 0.9913
--     597-   631       224                                                                        0.9999 0.9939
--     632-   667       396                                                                        0.9999 0.9951
--     668-   704       284                                                                        0.9999 0.9974
--     705-   742        67                                                                        1.0000 0.9992
--     743-   781         8                                                                        1.0000 0.9996
--     782-   821         6                                                                        1.0000 0.9996
--
--        5780 (max occurrences)
--   106272122 (total mers, non-unique)
--     3281175 (distinct mers, non-unique)
--     4164474 (unique mers)
----------------------------------------
-- Starting command on Sat Apr 21 16:17:14 2018 with 1054.077 GB free disk space

    cd trimming/0-mercounts
    /sw/apps/bioinfo/canu/1.7/rackham/Linux-amd64/bin/meryl \
      -Dt \
      -n 921 \
      -s ./efaecium.ms22 \
    > ./efaecium.ms22.frequentMers.fasta \
    2> ./efaecium.ms22.frequentMers.fasta.err

-- Finished on Sat Apr 21 16:17:15 2018 (1 second) with 1054.077 GB free disk space
----------------------------------------
-- Reset obtOvlMerThreshold from auto to 921.
--
-- Found 110436596 22-mers; 7445649 distinct and 4164474 unique.  Largest count 5780.
--
-- OVERLAPPER (normal) (trimming) erate=0.045
--
----------------------------------------
-- Starting command on Sat Apr 21 16:17:15 2018 with 1054.12 GB free disk space

    cd trimming/1-overlapper
    /sw/apps/bioinfo/canu/1.7/rackham/Linux-amd64/bin/overlapInCorePartition \
     -G  ../efaecium.gkpStore \
     -hl 85312000 \
     -rl 1000000000 \
     -ol 500 \
     -o  ./efaecium.partition \
    > ./efaecium.partition.err 2>&1

-- Finished on Sat Apr 21 16:17:15 2018 (lickety-split) with 1054.12 GB free disk space
----------------------------------------
--
-- Configured 2 overlapInCore jobs.
--
-- Running jobs.  First attempt out of 2.
----------------------------------------
-- Starting 'obtovl' concurrent execution on Sat Apr 21 16:17:15 2018 with 1054.12 GB free disk space (2 processes; 4 concurrently)

    cd trimming/1-overlapper
    ./overlap.sh 1 > ./overlap.000001.out 2>&1
    ./overlap.sh 2 > ./overlap.000002.out 2>&1

-- Finished on Sat Apr 21 16:25:45 2018 (510 seconds) with 1054.098 GB free disk space
----------------------------------------
-- Found 2 overlapInCore output files.
--
-- overlapInCore compute 'trimming/1-overlapper':
--   kmer hits
--     with no overlap          3688498     1844249 +- 486908.072
--     with an overlap          1150264      575132 +- 144282.31
--
--   overlaps                   1150234      575117 +- 144278.067
--     contained                      0           0 +- 0
--     dovetail                       0           0 +- 0
--
--   overlaps rejected
--     multiple per pair              0           0 +- 0
--     bad short window               0           0 +- 0
--     bad long window                0           0 +- 0
----------------------------------------
-- Starting command on Sat Apr 21 16:25:45 2018 with 1054.098 GB free disk space

    cd trimming
    /sw/apps/bioinfo/canu/1.7/rackham/Linux-amd64/bin/ovStoreBuild \
     -O ./efaecium.ovlStore.BUILDING \
     -G ./efaecium.gkpStore \
     -M 2-8 \
     -L ./1-overlapper/ovljob.files \
     > ./efaecium.ovlStore.err 2>&1

-- Finished on Sat Apr 21 16:25:48 2018 (3 seconds) with 1054.046 GB free disk space
----------------------------------------
-- Checking store.
----------------------------------------
-- Starting command on Sat Apr 21 16:25:48 2018 with 1054.046 GB free disk space

    cd trimming
    /sw/apps/bioinfo/canu/1.7/rackham/Linux-amd64/bin/ovStoreDump \
     -G ./efaecium.gkpStore \
     -O ./efaecium.ovlStore \
     -d -counts \
     > ./efaecium.ovlStore/counts.dat 2> ./efaecium.ovlStore/counts.err

-- Finished on Sat Apr 21 16:25:48 2018 (lickety-split) with 1054.046 GB free disk space
----------------------------------------
--
-- Overlap store 'trimming/efaecium.ovlStore' successfully constructed.
-- Found 2295484 overlaps for 12860 reads; 87976 reads have no overlaps.
--
--
-- Purged 0.021 GB in 6 overlap output files.
----------------------------------------
-- Starting command on Sat Apr 21 16:25:48 2018 with 1054.068 GB free disk space

    cd trimming/3-overlapbasedtrimming
    /sw/apps/bioinfo/canu/1.7/rackham/Linux-amd64/bin/trimReads \
      -G  ../efaecium.gkpStore \
      -O  ../efaecium.ovlStore \
      -Co ./efaecium.1.trimReads.clear \
      -e  0.045 \
      -minlength 1000 \
      -ol 1 \
      -oc 1 \
      -o  ./efaecium.1.trimReads \
    >     ./efaecium.1.trimReads.err 2>&1

-- Finished on Sat Apr 21 16:25:50 2018 (2 seconds) with 1054.064 GB free disk space
----------------------------------------
--  PARAMETERS:
--  ----------
--     1000    (reads trimmed below this many bases are deleted)
--   0.0450    (use overlaps at or below this fraction error)
--        1    (break region if overlap is less than this long, for 'largest covered' algorithm)
--        1    (break region if overlap coverage is less than this many read, for 'largest covered' algorithm)
--  
--  INPUT READS:
--  -----------
--  100836 reads    110706724 bases (reads processed)
--       0 reads            0 bases (reads not processed, previously deleted)
--       0 reads            0 bases (reads not processed, in a library where trimming isn't allowed)
--  
--  OUTPUT READS:
--  ------------
--   11238 reads     93301192 bases (trimmed reads output)
--    1580 reads     12947737 bases (reads with no change, kept as is)
--   87976 reads         3938 bases (reads with no overlaps, deleted)
--      42 reads        39713 bases (reads with short trimmed length, deleted)
--  
--  TRIMMING DETAILS:
--  ----------------
--    7081 reads      1802582 bases (bases trimmed from the 5' end of a read)
--    9264 reads      2611562 bases (bases trimmed from the 3' end of a read)
----------------------------------------
-- Starting command on Sat Apr 21 16:25:50 2018 with 1054.064 GB free disk space

    cd trimming/3-overlapbasedtrimming
    /sw/apps/bioinfo/canu/1.7/rackham/Linux-amd64/bin/splitReads \
      -G  ../efaecium.gkpStore \
      -O  ../efaecium.ovlStore \
      -Ci ./efaecium.1.trimReads.clear \
      -Co ./efaecium.2.splitReads.clear \
      -e  0.045 \
      -minlength 1000 \
      -o  ./efaecium.2.splitReads \
    >     ./efaecium.2.splitReads.err 2>&1

-- Finished on Sat Apr 21 16:25:51 2018 (1 second) with 1054.063 GB free disk space
----------------------------------------
--  PARAMETERS:
--  ----------
--     1000    (reads trimmed below this many bases are deleted)
--   0.0450    (use overlaps at or below this fraction error)
--  INPUT READS:
--  -----------
--   12818 reads    110663073 bases (reads processed)
--   88018 reads        43651 bases (reads not processed, previously deleted)
--       0 reads            0 bases (reads not processed, in a library where trimming isn't allowed)
--  
--  PROCESSED:
--  --------
--       0 reads            0 bases (no overlaps)
--       0 reads            0 bases (no coverage after adjusting for trimming done already)
--       0 reads            0 bases (processed for chimera)
--       0 reads            0 bases (processed for spur)
--   12818 reads    110663073 bases (processed for subreads)
--  
--  READS WITH SIGNALS:
--  ------------------
--       0 reads            0 signals (number of 5' spur signal)
--       0 reads            0 signals (number of 3' spur signal)
--       0 reads            0 signals (number of chimera signal)
--     171 reads          171 signals (number of subread signal)
--  
--  SIGNALS:
--  -------
--       0 reads            0 bases (size of 5' spur signal)
--       0 reads            0 bases (size of 3' spur signal)
--       0 reads            0 bases (size of chimera signal)
--     171 reads        48701 bases (size of subread signal)
--  
--  TRIMMING:
--  --------
--      50 reads       278633 bases (trimmed from the 5' end of the read)
--     121 reads       552880 bases (trimmed from the 3' end of the read)
----------------------------------------
-- Starting command on Sat Apr 21 16:25:51 2018 with 1054.063 GB free disk space

    cd trimming/3-overlapbasedtrimming
    /sw/apps/bioinfo/canu/1.7/rackham/Linux-amd64/bin/loadTrimmedReads \
      -G ../efaecium.gkpStore \
      -c ./efaecium.2.splitReads.clear \
    > ./efaecium.loadtrimmedReads.err 2>&1

-- Finished on Sat Apr 21 16:25:51 2018 (lickety-split) with 1054.063 GB free disk space
----------------------------------------
--
-- In gatekeeper store './efaecium.gkpStore':
--   Found 12818 reads.
--   Found 105417416 bases (35.13 times coverage).
--
--   Read length histogram (one '*' equals 59.88 reads):
--        0    999      0 
--     1000   1999    198 ***
--     2000   2999    107 *
--     3000   3999    105 *
--     4000   4999    205 ***
--     5000   5999    350 *****
--     6000   6999   1222 ********************
--     7000   7999   4192 **********************************************************************
--     8000   8999   2804 **********************************************
--     9000   9999   1592 **************************
--    10000  10999    977 ****************
--    11000  11999    499 ********
--    12000  12999    298 ****
--    13000  13999    163 **
--    14000  14999     64 *
--    15000  15999     35 
--    16000  16999      6 
--    17000  17999      1 
--
-- Overlaps used for trimming saved.
----------------------------------------
-- Starting command on Sat Apr 21 16:25:52 2018 with 1054.063 GB free disk space

    cd .
    /sw/apps/bioinfo/canu/1.7/rackham/Linux-amd64/bin/gatekeeperDumpFASTQ \
      -trimmed \
      -G ./efaecium.gkpStore \
      -o ./efaecium.trimmedReads.gz \
      -fasta \
      -nolibname \
    > ./efaecium.trimmedReads.fasta.err 2>&1

-- Finished on Sat Apr 21 16:25:55 2018 (3 seconds) with 1054.03 GB free disk space
----------------------------------------
--
-- Trimmed reads saved in 'efaecium.trimmedReads.fasta.gz'.
--
--
-- BEGIN ASSEMBLY
--
--
-- Running jobs.  First attempt out of 2.
----------------------------------------
-- Starting 'meryl' concurrent execution on Sat Apr 21 16:25:55 2018 with 1054.03 GB free disk space (1 processes; 1 concurrently)

    cd unitigging/0-mercounts
    ./meryl.sh 1 > ./meryl.000001.out 2>&1

-- Finished on Sat Apr 21 16:26:14 2018 (19 seconds) with 1053.993 GB free disk space
----------------------------------------
-- Meryl finished successfully.
--
--  22-mers                                                                                           Fraction
--    Occurrences   NumMers                                                                         Unique Total
--       1-     1   3102138 *******************************************************************--> 0.4905 0.0295
--       2-     2    236660 *********************************                                      0.5279 0.0340
--       3-     4    116667 ****************                                                       0.5395 0.0361
--       5-     7    102830 **************                                                         0.5517 0.0393
--       8-    11    197144 ****************************                                           0.5691 0.0468
--      12-    16    244130 **********************************                                     0.6018 0.0675
--      17-    22    300176 ******************************************                             0.6404 0.1025
--      23-    29    397163 ********************************************************               0.6877 0.1606
--      30-    37    489510 ********************************************************************** 0.7527 0.2665
--      38-    46    484308 *********************************************************************  0.8284 0.4231
--      47-    56    374335 *****************************************************                  0.9039 0.6178
--      57-    67    179836 *************************                                              0.9595 0.7915
--      68-    79     45793 ******                                                                 0.9854 0.8881
--      80-    92     16274 **                                                                     0.9917 0.9161
--      93-   106      7319 *                                                                      0.9941 0.9285
--     107-   121      9778 *                                                                      0.9952 0.9351
--     122-   137      2449                                                                        0.9968 0.9460
--     138-   154      1162                                                                        0.9971 0.9485
--     155-   172      2099                                                                        0.9973 0.9500
--     173-   191      1632                                                                        0.9977 0.9536
--     192-   211      1548                                                                        0.9979 0.9562
--     212-   232      1122                                                                        0.9981 0.9592
--     233-   254       694                                                                        0.9983 0.9616
--     255-   277      1295                                                                        0.9984 0.9631
--     278-   301      1110                                                                        0.9986 0.9664
--     302-   326       876                                                                        0.9988 0.9697
--     327-   352       272                                                                        0.9989 0.9720
--     353-   379      1468                                                                        0.9990 0.9729
--     380-   407      3066                                                                        0.9992 0.9785
--     408-   436       177                                                                        0.9997 0.9897
--     437-   466        31                                                                        0.9997 0.9902
--     467-   497        38                                                                        0.9997 0.9903
--     498-   529        74                                                                        0.9997 0.9905
--     530-   562       289                                                                        0.9998 0.9909
--     563-   596       372                                                                        0.9998 0.9924
--     597-   631       326                                                                        0.9999 0.9944
--     632-   667       347                                                                        0.9999 0.9964
--     668-   704       173                                                                        1.0000 0.9985
--     705-   742         7                                                                        1.0000 0.9996
--     743-   781        10                                                                        1.0000 0.9996
--     782-   821         2                                                                        1.0000 0.9997
--
--        1292 (max occurrences)
--   102046100 (total mers, non-unique)
--     3222590 (distinct mers, non-unique)
--     3102138 (unique mers)
----------------------------------------
-- Starting command on Sat Apr 21 16:26:14 2018 with 1053.992 GB free disk space

    cd unitigging/0-mercounts
    /sw/apps/bioinfo/canu/1.7/rackham/Linux-amd64/bin/meryl \
      -Dt \
      -n 888 \
      -s ./efaecium.ms22 \
    > ./efaecium.ms22.frequentMers.fasta \
    2> ./efaecium.ms22.frequentMers.fasta.err

-- Finished on Sat Apr 21 16:26:15 2018 (1 second) with 1053.992 GB free disk space
----------------------------------------
-- Reset utgOvlMerThreshold from auto to 888.
--
-- Found 105148238 22-mers; 6324728 distinct and 3102138 unique.  Largest count 1292.
--
-- OVERLAPPER (normal) (assembly) erate=0.045
--
----------------------------------------
-- Starting command on Sat Apr 21 16:26:15 2018 with 1054.03 GB free disk space

    cd unitigging/1-overlapper
    /sw/apps/bioinfo/canu/1.7/rackham/Linux-amd64/bin/overlapInCorePartition \
     -G  ../efaecium.gkpStore \
     -hl 85312000 \
     -rl 1000000000 \
     -ol 500 \
     -o  ./efaecium.partition \
    > ./efaecium.partition.err 2>&1

-- Finished on Sat Apr 21 16:26:15 2018 (lickety-split) with 1054.029 GB free disk space
----------------------------------------
--
-- Configured 2 overlapInCore jobs.
--
-- Running jobs.  First attempt out of 2.
----------------------------------------
-- Starting 'utgovl' concurrent execution on Sat Apr 21 16:26:15 2018 with 1054.029 GB free disk space (2 processes; 4 concurrently)

    cd unitigging/1-overlapper
    ./overlap.sh 1 > ./overlap.000001.out 2>&1
    ./overlap.sh 2 > ./overlap.000002.out 2>&1

-- Finished on Sat Apr 21 16:36:45 2018 (630 seconds) with 1054.019 GB free disk space
----------------------------------------
-- Found 2 overlapInCore output files.
--
-- overlapInCore compute 'unitigging/1-overlapper':
--   kmer hits
--     with no overlap          3973229   1986614.5 +- 873150.302
--     with an overlap           506737    253368.5 +- 106729.99
--
--   overlaps                    506737    253368.5 +- 106729.99
--     contained                  66649     33324.5 +- 13915.154
--     dovetail                  440088      220044 +- 92814.836
--
--   overlaps rejected
--     multiple per pair              0           0 +- 0
--     bad short window               0           0 +- 0
--     bad long window                0           0 +- 0
----------------------------------------
-- Starting command on Sat Apr 21 16:36:45 2018 with 1054.019 GB free disk space

    cd unitigging
    /sw/apps/bioinfo/canu/1.7/rackham/Linux-amd64/bin/ovStoreBuild \
     -O ./efaecium.ovlStore.BUILDING \
     -G ./efaecium.gkpStore \
     -M 2-8 \
     -L ./1-overlapper/ovljob.files \
     > ./efaecium.ovlStore.err 2>&1

-- Finished on Sat Apr 21 16:36:46 2018 (1 second) with 1053.992 GB free disk space
----------------------------------------
-- Checking store.
----------------------------------------
-- Starting command on Sat Apr 21 16:36:46 2018 with 1053.992 GB free disk space

    cd unitigging
    /sw/apps/bioinfo/canu/1.7/rackham/Linux-amd64/bin/ovStoreDump \
     -G ./efaecium.gkpStore \
     -O ./efaecium.ovlStore \
     -d -counts \
     > ./efaecium.ovlStore/counts.dat 2> ./efaecium.ovlStore/counts.err

-- Finished on Sat Apr 21 16:36:46 2018 (lickety-split) with 1053.991 GB free disk space
----------------------------------------
--
-- Overlap store 'unitigging/efaecium.ovlStore' successfully constructed.
-- Found 1013474 overlaps for 12816 reads; 88020 reads have no overlaps.
--
--
-- Purged 0.01 GB in 6 overlap output files.
----------------------------------------
-- Starting command on Sat Apr 21 16:36:46 2018 with 1054.002 GB free disk space

    cd unitigging
    /sw/apps/bioinfo/canu/1.7/rackham/Linux-amd64/bin/ovStoreStats \
     -G ./efaecium.gkpStore \
     -O ./efaecium.ovlStore \
     -C 35 \
     -o ./efaecium.ovlStore \
     > ./efaecium.ovlStore.summary.err 2>&1

-- Finished on Sat Apr 21 16:36:47 2018 (1 second) with 1054.001 GB free disk space
----------------------------------------
--
-- Overlap store 'unitigging/efaecium.ovlStore' contains:
--
--   category            reads     %          read length        feature size or coverage  analysis
--   ----------------  -------  -------  ----------------------  ------------------------  --------------------
--   middle-missing          4    0.03     8206.00 +- 2242.84        428.50 +- 363.75     (bad trimming)
--   middle-hump             2    0.02     4506.00 +- 584.07           0.00 +- 0.00       (bad trimming)
--   no-5-prime              4    0.03     2914.25 +- 1614.64        317.00 +- 538.48     (bad trimming)
--   no-3-prime              3    0.02     7310.33 +- 3577.19        246.67 +- 315.37     (bad trimming)
--   
--   low-coverage          197    1.54     5195.04 +- 3372.63          6.79 +- 2.50       (easy to assemble, potential for lower quality consensus)
--   unique               7591   59.22     8146.27 +- 2015.38         36.30 +- 10.35      (easy to assemble, perfect, yay)
--   repeat-cont           285    2.22     7534.59 +- 1648.54         86.89 +- 31.83      (potential for consensus errors, no impact on assembly)
--   repeat-dove            10    0.08    11798.60 +- 1144.36         81.05 +- 28.79      (hard to assemble, likely won't assemble correctly or even at all)
--   
--   span-repeat          1949   15.21     8667.26 +- 1920.24       3016.66 +- 2418.38    (read spans a large repeat, usually easy to assemble)
--   uniq-repeat-cont     2289   17.86     7958.23 +- 1471.38                             (should be uniquely placed, low potential for consensus errors, no impact on assembly)
--   uniq-repeat-dove      435    3.39    10753.37 +- 2031.31                             (will end contigs, potential to misassemble)
--   uniq-anchor            47    0.37     9022.23 +- 2031.96       3972.70 +- 2430.59    (repeat read, with unique section, probable bad read)
--
-- Loading read lengths.
-- Loading number of overlaps per read.
--
-- Configure RED for 4gb memory.
--                   Batches of at most (unlimited) reads.
--                                      500000000 bases.
--                   Expecting evidence of at most 104577828 bases per iteration.
--
--           Total                                               Reads                 Olaps Evidence
--    Job   Memory      Read Range         Reads        Bases   Memory        Olaps   Memory   Memory  (Memory in MB)
--   ---- -------- ------------------- --------- ------------ -------- ------------ -------- --------
--      1  3465.87         1-100836        12818    105417416  1206.81      1013474    11.60   199.47
--   ---- -------- ------------------- --------- ------------ -------- ------------ -------- --------
--                                                  105417416               1013474
--
-- Running jobs.  First attempt out of 2.
----------------------------------------
-- Starting 'red' concurrent execution on Sat Apr 21 16:36:48 2018 with 1054.001 GB free disk space (1 processes; 5 concurrently)

    cd unitigging/3-overlapErrorAdjustment
    ./red.sh 1 > ./red.000001.out 2>&1

-- Finished on Sat Apr 21 16:37:09 2018 (21 seconds) with 1054 GB free disk space
----------------------------------------
-- Found 1 read error detection output files.
--
-- Loading read lengths.
-- Loading number of overlaps per read.
--
-- Configure OEA for 4gb memory.
--                   Batches of at most (unlimited) reads.
--                                      300000000 bases.
--
--           Total                                               Reads                 Olaps  Adjusts
--    Job   Memory      Read Range         Reads        Bases   Memory        Olaps   Memory   Memory  (Memory in MB)
--   ---- -------- ------------------- --------- ------------ -------- ------------ -------- --------
--      1  2511.74         1-100836        12818    105417416   108.93      1013474    30.93   323.89
--   ---- -------- ------------------- --------- ------------ -------- ------------ -------- --------
--                                                  105417416               1013474
--
-- Running jobs.  First attempt out of 2.
----------------------------------------
-- Starting 'oea' concurrent execution on Sat Apr 21 16:37:10 2018 with 1054 GB free disk space (1 processes; 20 concurrently)

    cd unitigging/3-overlapErrorAdjustment
    ./oea.sh 1 > ./oea.000001.out 2>&1

-- Finished on Sat Apr 21 16:37:28 2018 (18 seconds) with 1053.998 GB free disk space
----------------------------------------
-- Found 1 overlap error adjustment output files.
----------------------------------------
-- Starting command on Sat Apr 21 16:37:28 2018 with 1053.998 GB free disk space

    cd unitigging/3-overlapErrorAdjustment
    /sw/apps/bioinfo/canu/1.7/rackham/Linux-amd64/bin/ovStoreBuild \
      -G ../efaecium.gkpStore \
      -O ../efaecium.ovlStore \
      -evalues \
      -L ./oea.files \
    > ./oea.apply.err 2>&1

-- Finished on Sat Apr 21 16:37:28 2018 (lickety-split) with 1053.996 GB free disk space
----------------------------------------
-- No report available.
--
-- Running jobs.  First attempt out of 2.
----------------------------------------
-- Starting 'bat' concurrent execution on Sat Apr 21 16:37:28 2018 with 1053.996 GB free disk space (1 processes; 1 concurrently)

    cd unitigging/4-unitigger
    ./unitigger.sh 1 > ./unitigger.000001.out 2>&1

-- Finished on Sat Apr 21 16:37:32 2018 (4 seconds) with 1053.986 GB free disk space
----------------------------------------
-- Unitigger finished successfully.
-- Found, in version 1, after unitig construction:
--   contigs:      8 sequences, total length 3138566 bp (including 0 repeats of total length 0 bp).
--   bubbles:      0 sequences, total length 0 bp.
--   unassembled:  387 sequences, total length 2367281 bp.
--
-- Contig sizes based on genome size --
--            NG (bp)  LG (contigs)    sum (bp)
--         ----------  ------------  ----------
--     10     2775200             1     2775200
--     20     2775200             1     2775200
--     30     2775200             1     2775200
--     40     2775200             1     2775200
--     50     2775200             1     2775200
--     60     2775200             1     2775200
--     70     2775200             1     2775200
--     80     2775200             1     2775200
--     90     2775200             1     2775200
--    100       44613             3     3038733
--
----------------------------------------
-- Starting command on Sat Apr 21 16:37:32 2018 with 1053.986 GB free disk space

    cd unitigging
    /sw/apps/bioinfo/canu/1.7/rackham/Linux-amd64/bin/gatekeeperPartition \
      -G ./efaecium.gkpStore \
      -T ./efaecium.ctgStore 1 \
      -b 15000 \
      -p 8 \
    > ./efaecium.ctgStore/partitionedReads.log 2>&1

-- Finished on Sat Apr 21 16:37:35 2018 (3 seconds) with 1053.708 GB free disk space
----------------------------------------
----------------------------------------
-- Starting command on Sat Apr 21 16:37:35 2018 with 1053.708 GB free disk space

    cd unitigging
    /sw/apps/bioinfo/canu/1.7/rackham/Linux-amd64/bin/gatekeeperPartition \
      -G ./efaecium.gkpStore \
      -T ./efaecium.utgStore 1 \
      -b 15000 \
      -p 8 \
    > ./efaecium.utgStore/partitionedReads.log 2>&1

-- Finished on Sat Apr 21 16:37:38 2018 (3 seconds) with 1053.437 GB free disk space
----------------------------------------
-- Using slow alignment for consensus (iteration '0').
-- Configured 1 contig and 1 unitig consensus jobs.
--
--                            (tag)Concurrency
--                     (tag)Threads          |
--            (tag)Memory         |          |
--        (tag)         |         |          |     total usage     algorithm
--        -------  ------  --------   --------  -----------------  -----------------------------
-- Local: cns        4 GB    4 CPUs x   5 jobs    20 GB   20 CPUs  (consensus)
--
--
-- Running jobs.  First attempt out of 2.
----------------------------------------
-- Starting 'cns' concurrent execution on Sat Apr 21 16:37:38 2018 with 1053.437 GB free disk space (2 processes; 5 concurrently)

    cd unitigging/5-consensus
    ./consensus.sh 1 > ./consensus.000001.out 2>&1
    ./consensus.sh 2 > ./consensus.000002.out 2>&1

-- Finished on Sat Apr 21 16:39:45 2018 (127 seconds) with 1053.42 GB free disk space
----------------------------------------
-- Using slow alignment for consensus (iteration '1').
-- Configured 1 contig and 1 unitig consensus jobs.
-- All 2 consensus jobs finished successfully.
-- Using slow alignment for consensus (iteration '0').
-- Configured 1 contig and 1 unitig consensus jobs.
----------------------------------------
-- Starting command on Sat Apr 21 16:39:45 2018 with 1053.42 GB free disk space

    cd unitigging
    /sw/apps/bioinfo/canu/1.7/rackham/Linux-amd64/bin/tgStoreLoad \
      -G ./efaecium.gkpStore \
      -T ./efaecium.ctgStore 2 \
      -L ./5-consensus/ctgcns.files \
    > ./5-consensus/ctgcns.files.ctgStoreLoad.err 2>&1

-- Finished on Sat Apr 21 16:39:46 2018 (1 second) with 1053.409 GB free disk space
----------------------------------------
----------------------------------------
-- Starting command on Sat Apr 21 16:39:46 2018 with 1053.409 GB free disk space

    cd unitigging
    /sw/apps/bioinfo/canu/1.7/rackham/Linux-amd64/bin/tgStoreLoad \
      -G ./efaecium.gkpStore \
      -T ./efaecium.utgStore 2 \
      -L ./5-consensus/utgcns.files \
    > ./5-consensus/utgcns.files.utgStoreLoad.err 2>&1

-- Finished on Sat Apr 21 16:39:46 2018 (lickety-split) with 1053.402 GB free disk space
----------------------------------------
-- Purging consensus output after loading to ctgStore and/or utgStore.
-- Purged 2 .cns outputs.
----------------------------------------
-- Starting command on Sat Apr 21 16:39:46 2018 with 1053.968 GB free disk space

    cd unitigging
    /sw/apps/bioinfo/canu/1.7/rackham/Linux-amd64/bin/tgStoreDump \
      -G ./efaecium.gkpStore \
      -T ./efaecium.ctgStore 2 \
      -sizes -s 3000000 \
    > ./efaecium.ctgStore/seqDB.v002.sizes.txt

-- Finished on Sat Apr 21 16:39:46 2018 (lickety-split) with 1053.968 GB free disk space
----------------------------------------
-- Found, in version 2, after consensus generation:
--   contigs:      8 sequences, total length 3142355 bp (including 0 repeats of total length 0 bp).
--   bubbles:      0 sequences, total length 0 bp.
--   unassembled:  387 sequences, total length 2367281 bp.
--
-- Contig sizes based on genome size --
--            NG (bp)  LG (contigs)    sum (bp)
--         ----------  ------------  ----------
--     10     2773588             1     2773588
--     20     2773588             1     2773588
--     30     2773588             1     2773588
--     40     2773588             1     2773588
--     50     2773588             1     2773588
--     60     2773588             1     2773588
--     70     2773588             1     2773588
--     80     2773588             1     2773588
--     90     2773588             1     2773588
--    100       44600             3     3037180
--
----------------------------------------
-- Starting command on Sat Apr 21 16:39:46 2018 with 1053.968 GB free disk space

    cd unitigging
    /sw/apps/bioinfo/canu/1.7/rackham/Linux-amd64/bin/tgStoreCoverageStat \
      -G ./efaecium.gkpStore \
      -T ./efaecium.ctgStore 2 \
      -s 3000000 \
      -o ./efaecium.ctgStore.coverageStat \
    > ./efaecium.ctgStore.coverageStat.err 2>&1

-- Finished on Sat Apr 21 16:39:47 2018 (1 second) with 1053.968 GB free disk space
----------------------------------------
----------------------------------------
-- Starting command on Sat Apr 21 16:39:47 2018 with 1053.968 GB free disk space

    cd unitigging/4-unitigger
    ./alignGFA.sh \
    > alignGFA.err 2>&1

-- Finished on Sat Apr 21 16:39:48 2018 (1 second) with 1053.968 GB free disk space
----------------------------------------
----------------------------------------
-- Starting command on Sat Apr 21 16:39:48 2018 with 1053.968 GB free disk space

    cd .
    /sw/apps/bioinfo/canu/1.7/rackham/Linux-amd64/bin/tgStoreDump \
      -G ./unitigging/efaecium.gkpStore \
      -T ./unitigging/efaecium.ctgStore 2 \
      -o ./efaecium.contigs \
      -layout \
    > ./efaecium.contigs.layout.err 2>&1

-- Finished on Sat Apr 21 16:39:49 2018 (1 second) with 1053.956 GB free disk space
----------------------------------------
----------------------------------------
-- Starting command on Sat Apr 21 16:39:49 2018 with 1053.956 GB free disk space

    cd .
    /sw/apps/bioinfo/canu/1.7/rackham/Linux-amd64/bin/tgStoreDump \
      -G ./unitigging/efaecium.gkpStore \
      -T ./unitigging/efaecium.utgStore 2 \
      -o ./efaecium.unitigs \
      -layout \
    > ./efaecium.unitigs.layout.err 2>&1

-- Finished on Sat Apr 21 16:39:49 2018 (lickety-split) with 1053.949 GB free disk space
----------------------------------------
----------------------------------------
-- Starting command on Sat Apr 21 16:39:49 2018 with 1053.949 GB free disk space

    cd .
    /sw/apps/bioinfo/canu/1.7/rackham/Linux-amd64/bin/tgStoreDump \
      -G ./unitigging/efaecium.gkpStore \
      -T ./unitigging/efaecium.ctgStore 2 \
      -consensus -fasta \
      -unassembled \
    > ./efaecium.unassembled.fasta
    2> ./efaecium.unassembled.err

-- Finished on Sat Apr 21 16:39:49 2018 (lickety-split) with 1053.946 GB free disk space
----------------------------------------
----------------------------------------
-- Starting command on Sat Apr 21 16:39:49 2018 with 1053.946 GB free disk space

    cd .
    /sw/apps/bioinfo/canu/1.7/rackham/Linux-amd64/bin/tgStoreDump \
      -G ./unitigging/efaecium.gkpStore \
      -T ./unitigging/efaecium.ctgStore 2 \
      -consensus -fasta \
      -contigs \
    > ./efaecium.contigs.fasta
    2> ./efaecium.contigs.err

-- Finished on Sat Apr 21 16:39:49 2018 (lickety-split) with 1053.943 GB free disk space
----------------------------------------
----------------------------------------
-- Starting command on Sat Apr 21 16:39:49 2018 with 1053.943 GB free disk space

    cd .
    /sw/apps/bioinfo/canu/1.7/rackham/Linux-amd64/bin/tgStoreDump \
      -G ./unitigging/efaecium.gkpStore \
      -T ./unitigging/efaecium.utgStore 2 \
      -consensus -fasta \
      -contigs \
    > ./efaecium.unitigs.fasta
    2> ./efaecium.unitigs.err

-- Finished on Sat Apr 21 16:39:49 2018 (lickety-split) with 1053.94 GB free disk space
----------------------------------------
--
-- Assembly 'efaecium' finished in '/pica/h1/lame5423/Genome_analysis/code/efaecium-pacbio'.
--
-- Summary saved in 'efaecium.report'.
--
-- Sequences saved:
--   Contigs       -> 'efaecium.contigs.fasta'
--   Unassembled   -> 'efaecium.unassembled.fasta'
--   Unitigs       -> 'efaecium.unitigs.fasta'
--
-- Read layouts saved:
--   Contigs       -> 'efaecium.contigs.layout'.
--   Unitigs       -> 'efaecium.unitigs.layout'.
--
-- Graphs saved:
--   Contigs       -> 'efaecium.contigs.gfa'.
--   Unitigs       -> 'efaecium.unitigs.gfa'.
--
-- Bye.
