/sw/apps/bioinfo/quast/4.5.4/rackham/bin/quast.py -o /home/lame5423/Genome_analysis/analyses/03_genome_assembly/PacBio_assembly_evaluation/Quast_1/ /home/lame5423/Genome_analysis/analyses/03_genome_assembly/PacBio_assembly/efaecium.contigs.fasta

Version: 4.5.4

System information:
  OS: Linux-3.10.0-693.21.1.el7.x86_64-x86_64-with-centos-7.4.1708-Core (linux_64)
  Python version: 2.7.6
  CPUs number: 20

Started: 2018-05-07 19:53:41

Logging to /home/lame5423/Genome_analysis/analyses/03_genome_assembly/PacBio_assembly_evaluation/Quast_1/quast.log
NOTICE: Maximum number of threads is set to 5 (use --threads option to set it manually)

CWD: /pica/h1/lame5423/Genome_analysis/code
Main parameters: 
  Threads: 5, minimum contig length: 500, ambiguity: one, threshold for extensive misassembly size: 1000

Contigs:
  Pre-processing...
  /home/lame5423/Genome_analysis/analyses/03_genome_assembly/PacBio_assembly/efaecium.contigs.fasta ==> efaecium.contigs

2018-05-07 19:53:54
Running Basic statistics processor...
  Contig files: 
    efaecium.contigs
  Calculating N50 and L50...
    efaecium.contigs, N50 = 2773588, L50 = 1, Total length = 3142355, GC % = 37.78, # N's per 100 kbp =  0.00
  Drawing Nx plot...
    saved to /home/lame5423/Genome_analysis/analyses/03_genome_assembly/PacBio_assembly_evaluation/Quast_1/basic_stats/Nx_plot.pdf
  Drawing cumulative plot...
    saved to /home/lame5423/Genome_analysis/analyses/03_genome_assembly/PacBio_assembly_evaluation/Quast_1/basic_stats/cumulative_plot.pdf
  Drawing GC content plot...
    saved to /home/lame5423/Genome_analysis/analyses/03_genome_assembly/PacBio_assembly_evaluation/Quast_1/basic_stats/GC_content_plot.pdf
  Drawing efaecium.contigs GC content plot...
    saved to /home/lame5423/Genome_analysis/analyses/03_genome_assembly/PacBio_assembly_evaluation/Quast_1/basic_stats/efaecium.contigs_GC_content_plot.pdf
Done.

NOTICE: Genes are not predicted by default. Use --gene-finding option to enable it.

2018-05-07 19:53:56
Creating large visual summaries...
This may take a while: press Ctrl-C to skip this step..
  1 of 2: Creating Icarus viewers...
  2 of 2: Creating PDF with all tables and plots...
Done

2018-05-07 19:53:58
RESULTS:
  Text versions of total report are saved to /home/lame5423/Genome_analysis/analyses/03_genome_assembly/PacBio_assembly_evaluation/Quast_1/report.txt, report.tsv, and report.tex
  Text versions of transposed total report are saved to /home/lame5423/Genome_analysis/analyses/03_genome_assembly/PacBio_assembly_evaluation/Quast_1/transposed_report.txt, transposed_report.tsv, and transposed_report.tex
  HTML version (interactive tables and plots) saved to /home/lame5423/Genome_analysis/analyses/03_genome_assembly/PacBio_assembly_evaluation/Quast_1/report.html
  PDF version (tables and plots) is saved to /home/lame5423/Genome_analysis/analyses/03_genome_assembly/PacBio_assembly_evaluation/Quast_1/report.pdf
  Icarus (contig browser) is saved to /home/lame5423/Genome_analysis/analyses/03_genome_assembly/PacBio_assembly_evaluation/Quast_1/icarus.html
  Log saved to /home/lame5423/Genome_analysis/analyses/03_genome_assembly/PacBio_assembly_evaluation/Quast_1/quast.log

Finished: 2018-05-07 19:53:58
Elapsed time: 0:00:16.984661
NOTICEs: 2; WARNINGs: 0; non-fatal ERRORs: 0

Thank you for using QUAST!
