Usage: java -jar $PILON_HOME/pilon.jar other-options...
Pilon version 1.22 Wed Mar 15 16:38:30 2017 -0400
Genome: /home/lame5423/Genome_analysis/analyses/03_genome_assembly/PacBio_assembly/efaecium.contigs.fasta
Fixing snps, indels, gaps, local
Input genome size: 3142355
Scanning BAMs
/home/lame5423/Genome_analysis/code/aln-pb.sorted.bam: 3334327 reads, 0 filtered, 3227463 mapped, 3176673 proper, 38012 stray, FR 100% 466+/-15, max 510 frags
Processing tig00000001:1-2773588
frags /home/lame5423/Genome_analysis/code/aln-pb.sorted.bam: coverage 66
Total Reads: 2645803, Coverage: 66, minDepth: 7
Confirmed 2772968 of 2773588 bases (99.98%)
Corrected 1 snps; 0 ambiguous bases; corrected 122 small insertions totaling 124 bases, 7 small deletions totaling 9 bases
# Attempting to fix local continuity breaks
# fix break: tig00000001:1037-1066 0 -0 +0 NoSolution
# fix break: tig00000001:2047-2091 0 -0 +0 NoSolution
# fix break: tig00000001:46750-46797 0 -0 +0 NoSolution
# fix break: tig00000001:1997871-1997912 0 -0 +0 NoSolution
# fix break: tig00000001:2101360-2101403 0 -0 +0 NoSolution
tig00000001:1-2773588 log:
Finished processing tig00000001:1-2773588
Processing tig00000021:1-40016
frags /home/lame5423/Genome_analysis/code/aln-pb.sorted.bam: coverage 205
Total Reads: 131139, Coverage: 205, minDepth: 21
Confirmed 39513 of 40016 bases (98.74%)
Corrected 0 snps; 0 ambiguous bases; corrected 1 small insertions totaling 1 bases, 0 small deletions totaling 0 bases
# Attempting to fix local continuity breaks
# fix break: tig00000021:1613-1633 0 -0 +0 NoSolution
# fix break: tig00000021:25872-27176 0 -0 +0 NoSolution
fix break: tig00000021:27985-28088 27756 -283 +283 BreakFix
# fix break: tig00000021:28302-29205 0 -0 +0 NoSolution
# fix break: tig00000021:36020-36038 0 -0 +0 NoSolution
# fix break: tig00000021:36798-36816 0 -0 +0 NoSolution
tig00000021:1-40016 log:
Finished processing tig00000021:1-40016
Processing tig00000022:1-44600
frags /home/lame5423/Genome_analysis/code/aln-pb.sorted.bam: coverage 135
Total Reads: 87589, Coverage: 135, minDepth: 14
Confirmed 44245 of 44600 bases (99.20%)
Corrected 1 snps; 0 ambiguous bases; corrected 18 small insertions totaling 18 bases, 8 small deletions totaling 9 bases
# Attempting to fix local continuity breaks
# fix break: tig00000022:1316-1349 0 -0 +0 NoSolution
tig00000022:1-44600 log:
Finished processing tig00000022:1-44600
Processing tig00000027:1-17158
frags /home/lame5423/Genome_analysis/code/aln-pb.sorted.bam: coverage 62
Total Reads: 15573, Coverage: 62, minDepth: 6
Confirmed 14925 of 17158 bases (86.99%)
Corrected 2 snps; 0 ambiguous bases; corrected 16 small insertions totaling 16 bases, 5 small deletions totaling 6 bases
# Attempting to fix local continuity breaks
# fix break: tig00000027:618-660 0 -0 +0 NoSolution
# fix break: tig00000027:1857-1925 0 -0 +0 NoSolution
# fix break: tig00000027:2241-2306 0 -0 +0 NoSolution
# fix break: tig00000027:2637-2693 0 -0 +0 NoSolution
# fix break: tig00000027:3028-3058 0 -0 +0 NoSolution
# fix break: tig00000027:3785-3798 0 -0 +0 NoSolution
# fix break: tig00000027:4108-4721 0 -0 +0 NoSolution
# fix break: tig00000027:12126-12151 0 -0 +0 NoSolution
# fix break: tig00000027:12750-12776 0 -0 +0 NoSolution
# fix break: tig00000027:13262-13337 0 -0 +0 NoSolution
# fix break: tig00000027:13669-13723 0 -0 +0 NoSolution
# fix break: tig00000027:14029-14630 0 -0 +0 NoSolution
# fix break: tig00000027:14941-15567 0 -0 +0 NoSolution
tig00000027:1-17158 log:
Finished processing tig00000027:1-17158
Processing tig00000029:1-26279
frags /home/lame5423/Genome_analysis/code/aln-pb.sorted.bam: coverage 140
Total Reads: 54841, Coverage: 140, minDepth: 14
Confirmed 26223 of 26279 bases (99.79%)
Corrected 5 snps; 0 ambiguous bases; corrected 29 small insertions totaling 31 bases, 20 small deletions totaling 22 bases
# Attempting to fix local continuity breaks
fix break: tig00000029:4413 4306 -108 +105 BreakFix
fix break: tig00000029:5507 5240 -364 +364 BreakFix
tig00000029:1-26279 log:
Finished processing tig00000029:1-26279
Processing tig00000031:1-11988
frags /home/lame5423/Genome_analysis/code/aln-pb.sorted.bam: coverage 232
Total Reads: 43950, Coverage: 232, minDepth: 23
Confirmed 11582 of 11988 bases (96.61%)
Corrected 0 snps; 0 ambiguous bases; corrected 1 small insertions totaling 1 bases, 0 small deletions totaling 0 bases
# Attempting to fix local continuity breaks
# fix break: tig00000031:342-365 0 -0 +0 NoSolution
# fix break: tig00000031:720-737 0 -0 +0 NoSolution
# fix break: tig00000031:3747-4121 0 -0 +0 NoSolution TandemRepeat 22
tig00000031:1-11988 log:
Finished processing tig00000031:1-11988
Processing tig00000479:1-218992
frags /home/lame5423/Genome_analysis/code/aln-pb.sorted.bam: coverage 79
Total Reads: 254998, Coverage: 79, minDepth: 8
Confirmed 218163 of 218992 bases (99.62%)
Corrected 3 snps; 0 ambiguous bases; corrected 24 small insertions totaling 24 bases, 23 small deletions totaling 36 bases
# Attempting to fix local continuity breaks
# fix break: tig00000479:397-417 0 -0 +0 NoSolution
# fix break: tig00000479:735-828 0 -0 +0 NoSolution
fix break: tig00000479:178622-178683 178419 -549 +549 BreakFix
# fix break: tig00000479:179007-179178 0 -0 +0 NoSolution
# fix break: tig00000479:181337-181341 0 -0 +0 NoSolution
# fix break: tig00000479:181818-181825 0 -0 +0 NoSolution
fix break: tig00000479:182365-182505 182020 -838 +835 BreakFix
fix break: tig00000479:183045-184393 182847 -344 +344 BreakFix
# fix break: tig00000479:185742-186134 0 -0 +0 NoSolution
fix break: tig00000479:187148-187180 186834 -310 +310 BreakFix
# fix break: tig00000479:215673-215755 0 -0 +0 NoSolution
# fix break: tig00000479:216032-216112 0 -0 +0 NoSolution
# fix break: tig00000479:218253-218286 0 -0 +0 NoSolution
# fix break: tig00000479:218643-218648 0 -0 +0 NoSolution
tig00000479:1-218992 log:
Finished processing tig00000479:1-218992
Processing tig00000480:1-9734
frags /home/lame5423/Genome_analysis/code/aln-pb.sorted.bam: coverage 37
Total Reads: 5574, Coverage: 37, minDepth: 5
Confirmed 9227 of 9734 bases (94.79%)
Corrected 1 snps; 0 ambiguous bases; corrected 7 small insertions totaling 7 bases, 2 small deletions totaling 3 bases
# Attempting to fix local continuity breaks
# fix break: tig00000480:1951-2001 0 -0 +0 NoSolution
# fix break: tig00000480:2659-2673 0 -0 +0 NoSolution
# fix break: tig00000480:3236-3343 0 -0 +0 NoSolution
# fix break: tig00000480:3661-3704 0 -0 +0 NoSolution
# fix break: tig00000480:4021-4093 0 -0 +0 NoSolution
# fix break: tig00000480:5039-5096 0 -0 +0 NoSolution
# fix break: tig00000480:5331-5405 0 -0 +0 NoSolution
# fix break: tig00000480:6069 0 -0 +0 NoSolution
# fix break: tig00000480:6273-6511 0 -0 +0 NoSolution
fix break: tig00000480:6813-7847 6492 -1459 +20 BreakFix
# fix break: tig00000480:8442-8539 0 -0 +0 NoSolution
# fix break: tig00000480:8846-8963 0 -0 +0 NoSolution
tig00000480:1-9734 log:
Finished processing tig00000480:1-9734
Writing updated tig00000001_pilon to pilon.fasta
Writing updated tig00000021_pilon to pilon.fasta
Writing updated tig00000022_pilon to pilon.fasta
Writing updated tig00000027_pilon to pilon.fasta
Writing updated tig00000029_pilon to pilon.fasta
Writing updated tig00000031_pilon to pilon.fasta
Writing updated tig00000479_pilon to pilon.fasta
Writing updated tig00000480_pilon to pilon.fasta
Mean frags coverage: 71
Mean total coverage: 71
